\BOOKMARK [0][]{record_intro.0}{World\040Record\040Surfaces}{}% 1
\BOOKMARK [1][]{record_intro.fileprefix.1}{record_chmutovoktic}{record_intro.0}% 2
\BOOKMARK [0][]{record_doppelkegel.0}{Double\040Cone}{}% 3
\BOOKMARK [1][]{record_doppelkegel.fileprefix.1}{record_doppelkegel}{record_doppelkegel.0}% 4
\BOOKMARK [0][]{record_cayleycubic.0}{Cayley-Cubic}{}% 5
\BOOKMARK [1][]{record_cayleycubic.fileprefix.1}{record_cayleycubic}{record_cayleycubic.0}% 6
\BOOKMARK [0][]{record_kummerquartic.0}{Kummer'in Dörtgili}{}% 7
\BOOKMARK [1][]{record_kummerquartic.fileprefix.1}{record_kummerquartic}{record_kummerquartic.0}% 8
\BOOKMARK [0][]{record_togliatti.0}{Togliatti'nin Beşgili}{}% 9
\BOOKMARK [1][]{record_togliatti.fileprefix.1}{record_togliatti}{record_togliatti.0}% 10
\BOOKMARK [0][]{record_barthsextic.0}{Barth'ın Altıgili}{}% 11
\BOOKMARK [1][]{record_barthsextic.fileprefix.1}{record_barthsextic}{record_barthsextic.0}% 12
\BOOKMARK [0][]{record_labsseptic.0}{Labs'ın Yedigili}{}% 13
\BOOKMARK [1][]{record_labsseptic.fileprefix.1}{record_labsseptic}{record_labsseptic.0}% 14
\BOOKMARK [0][]{record_endrass.0}{Endrass'ın Sekizgili}{}% 15
\BOOKMARK [1][]{record_endrass.fileprefix.1}{record_endrass}{record_endrass.0}% 16
\BOOKMARK [0][]{record_vielesing.0}{216\040Tekillik}{}% 17
\BOOKMARK [1][]{record_vielesing.fileprefix.1}{record_vielesing}{record_vielesing.0}% 18
\BOOKMARK [0][]{record_chmutovoktic.0}{Chmutov'un\040Sekizgili}{}% 19
\BOOKMARK [1][]{record_chmutovoktic.fileprefix.1}{record_chmutovoktic}{record_chmutovoktic.0}% 20
\BOOKMARK [0][]{record_7eck.0}{Yedigen}{}% 21
\BOOKMARK [1][]{record_7eck.fileprefix.1}{record_7eck}{record_7eck.0}% 22
\BOOKMARK [0][]{record_quintic15cuspen.0}{Beşgil \(15 Gaga\)}{}% 23
\BOOKMARK [1][]{record_quintic15cuspen.fileprefix.1}{record_quintic15cuspen}{record_quintic15cuspen.0}% 24
\BOOKMARK [0][]{record_barthsextic30cuspen.0}{Altıgil \(30 Gaga\)}{}% 25
\BOOKMARK [1][]{record_barthsextic30cuspen.fileprefix.1}{record_barthsextic30cuspen}{record_barthsextic30cuspen.0}% 26
