\BOOKMARK [0][]{fantasy_intro.0}{Albenili Yüzeyler}{}% 1
\BOOKMARK [1][]{fantasy_intro.fileprefix.1}{fantasy_kolibri}{fantasy_intro.0}% 2
\BOOKMARK [0][]{fantasy_zitrus.0}{Zitrus}{}% 3
\BOOKMARK [1][]{fantasy_zitrus.fileprefix.1}{fantasy_zitrus}{fantasy_zitrus.0}% 4
\BOOKMARK [0][]{fantasy_zeck.0}{Tick}{}% 5
\BOOKMARK [1][]{fantasy_zeck.fileprefix.1}{fantasy_zeck}{fantasy_zeck.0}% 6
\BOOKMARK [0][]{fantasy_kolibri.0}{Hummingbird}{}% 7
\BOOKMARK [1][]{fantasy_kolibri.fileprefix.1}{fantasy_kolibri}{fantasy_kolibri.0}% 8
\BOOKMARK [0][]{fantasy_tuelle.0}{Nozzle}{}% 9
\BOOKMARK [1][]{fantasy_tuelle.fileprefix.1}{fantasy_tuelle}{fantasy_tuelle.0}% 10
\BOOKMARK [0][]{fantasy_helix.0}{Helix}{}% 11
\BOOKMARK [1][]{fantasy_helix.fileprefix.1}{fantasy_helix}{fantasy_helix.0}% 12
\BOOKMARK [0][]{fantasy_nepali.0}{Nepali}{}% 13
\BOOKMARK [1][]{fantasy_nepali.fileprefix.1}{fantasy_nepali}{fantasy_nepali.0}% 14
\BOOKMARK [0][]{fantasy_himmel.0}{Heaven\040and\040Hell}{}% 15
\BOOKMARK [1][]{fantasy_himmel.fileprefix.1}{fantasy_himmel}{fantasy_himmel.0}% 16
\BOOKMARK [0][]{fantasy_quaste.0}{Quaste}{}% 17
\BOOKMARK [1][]{fantasy_quaste.fileprefix.1}{fantasy_quaste}{fantasy_quaste.0}% 18
\BOOKMARK [0][]{fantasy_dingdong.0}{Ding\040Dong}{}% 19
\BOOKMARK [1][]{fantasy_dingdong.fileprefix.1}{fantasy_dingdong}{fantasy_dingdong.0}% 20
\BOOKMARK [0][]{fantasy_visavis.0}{Vis à Vis}{}% 21
\BOOKMARK [1][]{fantasy_visavis.fileprefix.1}{fantasy_visavis}{fantasy_visavis.0}% 22
\BOOKMARK [0][]{fantasy_suess.0}{Sweet}{}% 23
\BOOKMARK [1][]{fantasy_suess.fileprefix.1}{fantasy_suess}{fantasy_suess.0}% 24
\BOOKMARK [0][]{fantasy_dullo.0}{Dullo}{}% 25
\BOOKMARK [1][]{fantasy_dullo.fileprefix.1}{fantasy_dullo}{fantasy_dullo.0}% 26
